                                 Started job on |	Oct 02 17:11:54
                             Started mapping on |	Oct 02 17:12:50
                                    Finished on |	Oct 02 17:13:45
       Mapping speed, Million of reads per hour |	1.64

                          Number of input reads |	25000
                      Average input read length |	101
                                    UNIQUE READS:
                   Uniquely mapped reads number |	17
                        Uniquely mapped reads % |	0.07%
                          Average mapped length |	94.00
                       Number of splices: Total |	1
            Number of splices: Annotated (sjdb) |	0
                       Number of splices: GT/AG |	1
                       Number of splices: GC/AG |	0
                       Number of splices: AT/AC |	0
               Number of splices: Non-canonical |	0
                      Mismatch rate per base, % |	8.82%
                         Deletion rate per base |	0.00%
                        Deletion average length |	0.00
                        Insertion rate per base |	0.00%
                       Insertion average length |	0.00
                             MULTI-MAPPING READS:
        Number of reads mapped to multiple loci |	0
             % of reads mapped to multiple loci |	0.00%
        Number of reads mapped to too many loci |	3
             % of reads mapped to too many loci |	0.01%
                                  UNMAPPED READS:
  Number of reads unmapped: too many mismatches |	0
       % of reads unmapped: too many mismatches |	0.00%
            Number of reads unmapped: too short |	24977
                 % of reads unmapped: too short |	99.91%
                Number of reads unmapped: other |	3
                     % of reads unmapped: other |	0.01%
                                  CHIMERIC READS:
                       Number of chimeric reads |	0
                            % of chimeric reads |	0.00%
