STAR version=2.7.6a
STAR compilation time,server,dir=Sat Sep 19 19:25:43 GMT 2020 :/Users/travis/build/alexdobin/travis-tests/STARcompile/source
##### Command Line:
STAR --runThreadN 4 --genomeDir STAR_hg38 --twopassMode Basic --outFileNamePrefix STAR_align/C. --outSAMtype BAM SortedByCoordinate --outSAMmapqUnique 255 --outFilterMultimapNmax 1 --readFilesIn fastq/C.fq.gz --outSJfilterReads Unique --readFilesCommand gunzip -c
##### Initial USER parameters from Command Line:
outFileNamePrefix                 STAR_align/C.
###### All USER parameters from Command Line:
runThreadN                    4     ~RE-DEFINED
genomeDir                     STAR_hg38     ~RE-DEFINED
twopassMode                   Basic     ~RE-DEFINED
outFileNamePrefix             STAR_align/C.     ~RE-DEFINED
outSAMtype                    BAM   SortedByCoordinate        ~RE-DEFINED
outSAMmapqUnique              255     ~RE-DEFINED
outFilterMultimapNmax         1     ~RE-DEFINED
readFilesIn                   fastq/C.fq.gz        ~RE-DEFINED
outSJfilterReads              Unique     ~RE-DEFINED
readFilesCommand              gunzip   -c        ~RE-DEFINED
##### Finished reading parameters from all sources

##### Final user re-defined parameters-----------------:
runThreadN                        4
genomeDir                         STAR_hg38
readFilesIn                       fastq/C.fq.gz   
readFilesCommand                  gunzip   -c   
outFileNamePrefix                 STAR_align/C.
outSAMtype                        BAM   SortedByCoordinate   
outSAMmapqUnique                  255
outSJfilterReads                  Unique
outFilterMultimapNmax             1
twopassMode                       Basic

-------------------------------
##### Final effective command line:
STAR   --runThreadN 4   --genomeDir STAR_hg38   --readFilesIn fastq/C.fq.gz      --readFilesCommand gunzip   -c      --outFileNamePrefix STAR_align/C.   --outSAMtype BAM   SortedByCoordinate      --outSAMmapqUnique 255   --outSJfilterReads Unique   --outFilterMultimapNmax 1   --twopassMode Basic
----------------------------------------

Number of fastq files for each mate = 1

   Input read files for mate 1 :
-rw-r--r--  1 dic  CHOP-EDU\Domain Users  2312459 Oct  2 15:06 fastq/C.fq.gz

   readsCommandsFile:
exec > "STAR_align/C._STARtmp/tmp.fifo.read1"
echo FILE 0
gunzip   -c      "fastq/C.fq.gz"

WARNING: --limitBAMsortRAM=0, will use genome size as RAM limit for BAM sorting
Finished loading and checking parameters
Reading genome generation parameters:
### STAR   --runMode genomeGenerate   --runThreadN 4   --genomeDir STAR_hg38   --genomeFastaFiles hg38.fa      --genomeSAindexNbases 11   --sjdbGTFfile hg38.refGene.gtf   --sjdbOverhang 100
### GstrandBit=32
versionGenome                 2.7.4a     ~RE-DEFINED
genomeType                    Full     ~RE-DEFINED
genomeFastaFiles              hg38.fa        ~RE-DEFINED
genomeSAindexNbases           11     ~RE-DEFINED
genomeChrBinNbits             18     ~RE-DEFINED
genomeSAsparseD               1     ~RE-DEFINED
genomeTransformType           None     ~RE-DEFINED
genomeTransformVCF            -     ~RE-DEFINED
sjdbOverhang                  100     ~RE-DEFINED
sjdbFileChrStartEnd           -        ~RE-DEFINED
sjdbGTFfile                   hg38.refGene.gtf     ~RE-DEFINED
sjdbGTFchrPrefix              -     ~RE-DEFINED
sjdbGTFfeatureExon            exon     ~RE-DEFINED
sjdbGTFtagExonParentTranscripttranscript_id     ~RE-DEFINED
sjdbGTFtagExonParentGene      gene_id     ~RE-DEFINED
sjdbInsertSave                Basic     ~RE-DEFINED
genomeFileSizes               51932090   331902264        ~RE-DEFINED
Genome version is compatible with current STAR
Number of real (reference) chromosomes= 1
1	chr22	50818468	0
--sjdbOverhang = 100 taken from the generated genome
Started loading the genome: Fri Oct  2 17:13:46 2020

Genome: size given as a parameter = 51932090
SA: size given as a parameter = 331902264
SAindex: size given as a parameter = 1
Read from SAindex: pGe.gSAindexNbases=11  nSAi=5592404
nGenome=51932090;  nSAbyte=331902264
GstrandBit=32   SA number of indices=80461154
Shared memory is not used for genomes. Allocated a private copy of the genome.
Genome file size: 51932090 bytes; state: good=1 eof=0 fail=0 bad=0
Loading Genome ... done! state: good=1 eof=0 fail=0 bad=0; loaded 51932090 bytes
SA file size: 331902264 bytes; state: good=1 eof=0 fail=0 bad=0
Loading SA ... done! state: good=1 eof=0 fail=0 bad=0; loaded 331902264 bytes
Loading SAindex ... done: 24466875 bytes
Finished loading the genome: Fri Oct  2 17:13:46 2020

Sum of all Genome bytes: 107217576
Sum of all SA bytes: 33883024866
Sum of all SAi bytes: 2339808219
Processing splice junctions database sjdbN=5354,   pGe.sjdbOverhang=100 
alignIntronMax=alignMatesGapMax=0, the max intron size will be approximately determined by (2^winBinNbits)*winAnchorDistNbins=589824
Created thread # 1
Created thread # 2
Created thread # 3
:   fastq/C.fq.gz
Thread #1 end of input stream, nextChar=-1
Completed: thread #0
Completed: thread #0
Completed: thread #2
Completed: thread #0
Completed: thread #2
Completed: thread #3
